1714052711318	geckodriver	INFO	Listening on 127.0.0.1:50362
1714052739201	geckodriver	INFO	Listening on 127.0.0.1:50383
1714052776274	geckodriver	INFO	Listening on 127.0.0.1:50396
1714052809745	geckodriver	INFO	Listening on 127.0.0.1:50411
1714052825041	geckodriver	INFO	Listening on 127.0.0.1:50421
1714052899438	geckodriver	INFO	Listening on 127.0.0.1:50431
1714052928029	geckodriver	INFO	Listening on 127.0.0.1:50441
1714052952768	geckodriver	INFO	Listening on 127.0.0.1:50449
1714053265623	geckodriver	INFO	Listening on 127.0.0.1:50479
1714054983280	geckodriver	INFO	Listening on 127.0.0.1:50753
1714055167856	geckodriver	INFO	Listening on 127.0.0.1:50792
1714055261610	geckodriver	INFO	Listening on 127.0.0.1:50803
1714055771981	geckodriver	INFO	Listening on 127.0.0.1:50937
1714055796783	geckodriver	INFO	Listening on 127.0.0.1:50951
1714055899995	geckodriver	INFO	Listening on 127.0.0.1:50961
1714057125481	geckodriver	INFO	Listening on 127.0.0.1:51495
1714057137033	geckodriver	INFO	Listening on 127.0.0.1:51506
1714057194185	geckodriver	INFO	Listening on 127.0.0.1:51526
1714057597769	geckodriver	INFO	Listening on 127.0.0.1:51617
1714058271179	geckodriver	INFO	Listening on 127.0.0.1:53054
1714058274238	mozrunner::runner	INFO	Running command: "C:\\Program Files\\Mozilla Firefox\\firefox.exe" "--marionette" "-no-remote" "-profile" "C:\\Users\\PORTAB~1\\AppData\\Local\\Temp\\rust_mozprofile63OHNr"
console.warn: services.settings: Ignoring preference override of remote settings server
console.warn: services.settings: Allow by setting MOZ_REMOTE_SETTINGS_DEVTOOLS=1 in the environment
1714058275051	Marionette	INFO	Marionette enabled
Dynamically enable window occlusion 0
1714058275368	Marionette	INFO	Listening on port 53064
Read port: 53064
1714058275847	RemoteAgent	WARN	TLS certificate errors will be ignored for this session
JavaScript error: https://cdn.jsdelivr.net/npm/@docsearch/js@3.5.2, line 8: TypeError: t is null
1714058280165	Marionette	INFO	Stopped listening on port 53064
Dynamically enable window occlusion 1
1714058365605	geckodriver	INFO	Listening on 127.0.0.1:53115
1714058368640	mozrunner::runner	INFO	Running command: "C:\\Program Files\\Mozilla Firefox\\firefox.exe" "--marionette" "-no-remote" "-profile" "C:\\Users\\PORTAB~1\\AppData\\Local\\Temp\\rust_mozprofilecHRPCV"
console.warn: services.settings: Ignoring preference override of remote settings server
console.warn: services.settings: Allow by setting MOZ_REMOTE_SETTINGS_DEVTOOLS=1 in the environment
1714058369092	Marionette	INFO	Marionette enabled
Dynamically enable window occlusion 0
1714058369251	Marionette	INFO	Listening on port 53125
Read port: 53125
1714058369526	RemoteAgent	WARN	TLS certificate errors will be ignored for this session
1714058374367	Marionette	INFO	Stopped listening on port 53125
Dynamically enable window occlusion 1
1714058381525	geckodriver	INFO	Listening on 127.0.0.1:53159
1714058384557	mozrunner::runner	INFO	Running command: "C:\\Program Files\\Mozilla Firefox\\firefox.exe" "--marionette" "-no-remote" "-profile" "C:\\Users\\PORTAB~1\\AppData\\Local\\Temp\\rust_mozprofileUDv0R3"
console.warn: services.settings: Ignoring preference override of remote settings server
console.warn: services.settings: Allow by setting MOZ_REMOTE_SETTINGS_DEVTOOLS=1 in the environment
1714058385111	Marionette	INFO	Marionette enabled
Dynamically enable window occlusion 0
1714058385279	Marionette	INFO	Listening on port 53169
Read port: 53169
1714058385574	RemoteAgent	WARN	TLS certificate errors will be ignored for this session
1714058416250	addons.xpi	ERROR	System addon update list error SyntaxError: XMLHttpRequest.open: 'http://%(server)s/dummy-system-addons.xml' is not a valid URL.
1714058419518	Marionette	INFO	Stopped listening on port 53169
Dynamically enable window occlusion 1
JavaScript error: chrome://remote/content/marionette/cert.sys.mjs, line 47: NS_ERROR_NOT_AVAILABLE: Component returned failure code: 0x80040111 (NS_ERROR_NOT_AVAILABLE) [nsICertOverrideService.setDisableAllSecurityChecksAndLetAttackersInterceptMyData]
1714061183593	geckodriver	INFO	Listening on 127.0.0.1:53629
1714061186730	mozrunner::runner	INFO	Running command: "C:\\Program Files\\Mozilla Firefox\\firefox.exe" "--marionette" "-no-remote" "-profile" "C:\\Users\\PORTAB~1\\AppData\\Local\\Temp\\rust_mozprofileDpWnGx"
console.warn: services.settings: Ignoring preference override of remote settings server
console.warn: services.settings: Allow by setting MOZ_REMOTE_SETTINGS_DEVTOOLS=1 in the environment
1714061187966	Marionette	INFO	Marionette enabled
Dynamically enable window occlusion 0
1714061188462	Marionette	INFO	Listening on port 53640
Read port: 53640
1714061188799	RemoteAgent	WARN	TLS certificate errors will be ignored for this session
1714061220242	addons.xpi	ERROR	System addon update list error SyntaxError: XMLHttpRequest.open: 'http://%(server)s/dummy-system-addons.xml' is not a valid URL.
1714061645595	Marionette	INFO	Stopped listening on port 53640
Dynamically enable window occlusion 1
JavaScript error: chrome://remote/content/marionette/cert.sys.mjs, line 47: NS_ERROR_NOT_AVAILABLE: Component returned failure code: 0x80040111 (NS_ERROR_NOT_AVAILABLE) [nsICertOverrideService.setDisableAllSecurityChecksAndLetAttackersInterceptMyData]
er
console.warn: services.settings: Allow by setting MOZ_REMOTE_SETTINGS_DEVTOOLS=1 in the environment
1714061581042	Marionette	INFO	Marionette enabled
Dynamically enable window occlusion 0
1714061581425	Marionette	INFO	Listening on port 53917
Read port: 53917
1714061581867	RemoteAgent	WARN	TLS certificate errors will be ignored for this session
1714061611882	addons.xpi	ERROR	System addon update list error SyntaxError: XMLHttpRequest.open: 'http://%(server)s/dummy-system-addons.xml' is not a valid URL.
1714061644715	Marionette	INFO	Stopped listening on port 53917
Dynamically enable window occlusion 1
JavaScript error: chrome://remote/content/marionette/cert.sys.mjs, line 47: NS_ERROR_NOT_AVAILABLE: Component returned failure code: 0x80040111 (NS_ERROR_NOT_AVAILABLE) [nsICertOverrideService.setDisableAllSecurityChecksAndLetAttackersInterceptMyData]
er
console.warn: services.settings: Allow by setting MOZ_REMOTE_SETTINGS_DEVTOOLS=1 in the environment
1714061635453	Marionette	INFO	Marionette enabled
Dynamically enable window occlusion 0
1714061635758	Marionette	INFO	Listening on port 53967
Read port: 53967
1714061636209	RemoteAgent	WARN	TLS certificate errors will be ignored for this session
1714061667693	addons.xpi	ERROR	System addon update list error SyntaxError: XMLHttpRequest.open: 'http://%(server)s/dummy-system-addons.xml' is not a valid URL.
JavaScript warning: https://www.google.com/xjs/_/js/k=xjs.s.fr.lxN5KEtTnv8.O/am=AAAAAAAAAAAAAAAAAAAAAAAAAAAAAAAAgAAAAAAAIYEgAAAACgAAIAAAAAAAAMAQAAACAAjBVMAKAQQhIABgAIoggJ__BgAAAAABAAAgYAIAAgC4AIAQAIIAAEACAACAAgAAAAAAAAAAAAAcIIB-AAAAAAAAAAAAAACYIPgBwAAAIAQHCAEACAAAACAPwPOA4SCFBQAAAAAAAAAAAAAQwATBHJD-gAAgAAAAAAAAAAAAAABS6cTlIQBAAg/d=1/ed=1/dg=2/rs=ACT90oFkeIw9iSdi0e6bTqg_jTpARgIJeA/ee=ALeJib:B8gLwd;AfeaP:TkrAjf;Afksuc:wMx0R;BMxAGc:E5bFse;BgS6mb:fidj5d;BjwMce:cXX2Wb;CxXAWb:YyRLvc;DM55c:imLrKe;DULqB:RKfG5c;Dkk6ge:wJqrrd;DpcR3d:zL72xf;EABSZ:MXZt9d;ESrPQc:mNTJvc;EVNhjf:pw70Gc;EmZ2Bf:zr1jrb;EnlcNd:WeHg4;Erl4fe:FloWmf,FloWmf;F9mqte:UoRcbe;Fmv9Nc:O1Tzwc;G0KhTb:LIaoZ;G6wU6e:hezEbd;GleZL:J1A7Od;HMDDWe:G8QUdb;HqeXPd:cmbnH;IBADCc:RYquRb;IoGlCf:b5lhvb;IsdWVc:qzxzOb;JXS8fb:Qj0suc;JbMT3:M25sS;JsbNhc:Xd8iUd;KOxcK:OZqGte;KQzWid:ZMKkN;KcokUb:KiuZBf;KeeMUb:HiPxjc;KpRAue:Tia57b;LBgRLc:XVMNvd;LEikZe:byfTOb,lsjVmc;LsNahb:ucGLNb;Me32dd:MEeYgc;NPKaK:PVlQOd;NSEoX:lazG7b;Np8Qkd:Dpx6qc;Nyt6ic:jn2sGd;OgagBe:cNTe0;Oj465e:KG2eXe,KG2eXe;OohIYe:mpEAQb;Pjplud:EEDORb,PoEs9b;PqHfGe:im2cZe;Q1Ow7b:x5CSu;Q6C5kf:pfdZCe;QGR0gd:Mlhmy;R2kc8b:ALJqWb;R4IIIb:QWfeKf;R9Ulx:CR7Ufe;RDNBlf:zPRCJb;SLtqO:Kh1xYe;SMDL4c:fTfGO,fTfGO;SNUn3:ZwDk9d,x8cHvb;ShpF6e:N0pvGc;TxfV6d:YORN0b;U96pRd:FsR04;UDrY1c:eps46d;UVmjEd:EesRsb;UyG7Kb:wQd0G;V2HTTe:RolTY;VGRfx:VFqbr;VN6jIc:ddQyuf;VOcgDe:YquhTb;VsAqSb:PGf2Re;VxQ32b:k0XsBb;WCEKNd:I46Hvd;WDGyFe:jcVOxd;Wfmdue:g3MJlb;XUezZ:sa7lqb;YV5bee:IvPZ6d;YkQtAf:rx8ur;ZMvdv:PHFPjb;ZWEUA:afR4Cf;a56pNe:JEfCwb;aAJE9c:WHW6Ef;aZ61od:arTwJ;bDXwRe:UsyOtc;bFZ6gf:RsDQqe;bcPXSc:gSZLJb;cEt90b:ws9Tlc;cFTWae:gT8qnd;coJ8e:KvoW8;dIoSBb:ZgGg9b;dLlj2:Qqt3Gf;daB6be:lMxGPd;dtl0hd:lLQWFe;eBAeSb:Ck63tb;eBZ5Nd:VruDBd;eHDfl:ofjVkb;eO3lse:nFClrf;fWLTFc:TVBJbf;g8nkx:U4MzKc;gaub4:TN6bMe;gtVSi:ekUOYd;h3MYod:cEt90b;hK67qb:QWEO5b;heHB1:sFczq;hjRo6e:F62sG;hsLsYc:Vl118;iFQyKf:QIhFr,vfuNJf;imqimf:jKGL2e;io8t5d:sgY6Zb;jY0zg:Q6tNgc;k2Qxcb:XY51pe;kCQyJ:ueyPK;kMFpHd:OTA3Ae;kbAm9d:MkHyGd;lkq0A:JyBE3e;nAFL3:NTMZac,s39S4;oGtAuc:sOXFj;oSUNyd:fTfGO,fTfGO;oUlnpc:RagDlc;okUaUd:wItadb;p2tIDb:tp1Cx;pKJiXd:VCenhc;pNsl2d:j9Yuyc;pXdRYb:JKoKVe;pj82le:mg5CW;qGV2uc:HHi04c;qZx2Fc:j0xrE;qaS3gd:yiLg6e;qavrXe:zQzcXe;qddgKe:d7YSfd,x4FYXe;rQSrae:C6D5Fc;sP4Vbe:VwDzFe;sTsDMc:kHVSUb;tH4IIe:Ymry6;tosKvd:ZCqP3;trZL0b:qY8PFe;uY49fb:COQbmf;uknmt:GkPrzb;uuQkY:u2V3ud;vGrMZ:lPJJ0c;vfVwPd:lcrkwe;w3bZCb:ZPGaIb;w4rSdf:XKiZ9;w9w86d:dt4g2b;wQlYve:aLUfP;wR5FRb:TtcOte;wV5Pjc:L8KGxe;whEZac:F4AmNb;xBbsrc:NEW1Qc;xbe2wc:wbTLEd;yGxLoc:FmAr0c;yxTchf:KUM7Z;z97YGf:oug9te;zOsCQe:Ko78Df;zaIgPb:Qtpxbd/m=attn,cdos,gwc,hsm,jsa,mb4ZUb,d,csi,cEt90b,SNUn3,qddgKe,sTsDMc,dtl0hd,eHDfl, line 1390: Script terminated by timeout at:
get@https://www.google.com/xjs/_/js/k=xjs.s.fr.lxN5KEtTnv8.O/am=AAAAAAAAAAAAAAAAAAAAAAAAAAAAAAAAgAAAAAAAIYEgAAAACgAAIAAAAAAAAMAQAAACAAjBVMAKAQQhIABgAIoggJ__BgAAAAABAAAgYAIAAgC4AIAQAIIAAEACAACAAgAAAAAAAAAAAAAcIIB-AAAAAAAAAAAAAACYIPgBwAAAIAQHCAEACAAAACAPwPOA4SCFBQAAAAAAAAAAAAAQwATBHJD-gAAgAAAAAAAAAAAAAABS6cTlIQBAAg/d=1/ed=1/dg=2/rs=ACT90oFkeIw9iSdi0e6bTqg_jTpARgIJeA/ee=ALeJib:B8gLwd;AfeaP:TkrAjf;Afksuc:wMx0R;BMxAGc:E5bFse;BgS6mb:fidj5d;BjwMce:cXX2Wb;CxXAWb:YyRLvc;DM55c:imLrKe;DULqB:RKfG5c;Dkk6ge:wJqrrd;DpcR3d:zL72xf;EABSZ:MXZt9d;ESrPQc:mNTJvc;EVNhjf:pw70Gc;EmZ2Bf:zr1jrb;EnlcNd:WeHg4;Erl4fe:FloWmf,FloWmf;F9mqte:UoRcbe;Fmv9Nc:O1Tzwc;G0KhTb:LIaoZ;G6wU6e:hezEbd;GleZL:J1A7Od;HMDDWe:G8QUdb;HqeXPd:cmbnH;IBADCc:RYquRb;IoGlCf:b5lhvb;IsdWVc:qzxzOb;JXS8fb:Qj0suc;JbMT3:M25sS;JsbNhc:Xd8iUd;KOxcK:OZqGte;KQzWid:ZMKkN;KcokUb:KiuZBf;KeeMUb:HiPxjc;KpRAue:Tia57b;LBgRLc:XVMNvd;LEikZe:byfTOb,lsjVmc;LsNahb:ucGLNb;Me32dd:MEeYgc;NPKaK:PVlQOd;NSEoX:lazG7b;Np8Qkd:Dpx6qc;Nyt6ic:jn2sGd;OgagBe:cNTe0;Oj465e:KG2eXe,KG2eXe;OohIYe:mpEAQb;Pjplud:EEDORb,PoEs9b;PqHfGe:im2cZe;Q1Ow7b:x5CSu;Q6C5kf:pfdZCe;QGR0gd:Mlhmy;R2kc8b:ALJqWb;R4IIIb:QWfeKf;R9Ulx:CR7Ufe;RDNBlf:zPRCJb;SLtqO:Kh1xYe;SMDL4c:fTfGO,fTfGO;SNUn3:ZwDk9d,x8cHvb;ShpF6e:N0pvGc;TxfV6d:YORN0b;U96pRd:FsR04;UDrY1c:eps46d;UVmjEd:EesRsb;UyG7Kb:wQd0G;V2HTTe:RolTY;VGRfx:VFqbr;VN6jIc:ddQyuf;VOcgDe:YquhTb;VsAqSb:PGf2Re;VxQ32b:k0XsBb;WCEKNd:I46Hvd;WDGyFe:jcVOxd;Wfmdue:g3MJlb;XUezZ:sa7lqb;YV5bee:IvPZ6d;YkQtAf:rx8ur;ZMvdv:PHFPjb;ZWEUA:afR4Cf;a56pNe:JEfCwb;aAJE9c:WHW6Ef;aZ61od:arTwJ;bDXwRe:UsyOtc;bFZ6gf:RsDQqe;bcPXSc:gSZLJb;cEt90b:ws9Tlc;cFTWae:gT8qnd;coJ8e:KvoW8;dIoSBb:ZgGg9b;dLlj2:Qqt3Gf;daB6be:lMxGPd;dtl0hd:lLQWFe;eBAeSb:Ck63tb;eBZ5Nd:VruDBd;eHDfl:ofjVkb;eO3lse:nFClrf;fWLTFc:TVBJbf;g8nkx:U4MzKc;gaub4:TN6bMe;gtVSi:ekUOYd;h3MYod:cEt90b;hK67qb:QWEO5b;heHB1:sFczq;hjRo6e:F62sG;hsLsYc:Vl118;iFQyKf:QIhFr,vfuNJf;imqimf:jKGL2e;io8t5d:sgY6Zb;jY0zg:Q6tNgc;k2Qxcb:XY51pe;kCQyJ:ueyPK;kMFpHd:OTA3Ae;kbAm9d:MkHyGd;lkq0A:JyBE3e;nAFL3:NTMZac,s39S4;oGtAuc:sOXFj;oSUNyd:fTfGO,fTfGO;oUlnpc:RagDlc;okUaUd:wItadb;p2tIDb:tp1Cx;pKJiXd:VCenhc;pNsl2d:j9Yuyc;pXdRYb:JKoKVe;pj82le:mg5CW;qGV2uc:HHi04c;qZx2Fc:j0xrE;qaS3gd:yiLg6e;qavrXe:zQzcXe;qddgKe:d7YSfd,x4FYXe;rQSrae:C6D5Fc;sP4Vbe:VwDzFe;sTsDMc:kHVSUb;tH4IIe:Ymry6;tosKvd:ZCqP3;trZL0b:qY8PFe;uY49fb:COQbmf;uknmt:GkPrzb;uuQkY:u2V3ud;vGrMZ:lPJJ0c;vfVwPd:lcrkwe;w3bZCb:ZPGaIb;w4rSdf:XKiZ9;w9w86d:dt4g2b;wQlYve:aLUfP;wR5FRb:TtcOte;wV5Pjc:L8KGxe;whEZac:F4AmNb;xBbsrc:NEW1Qc;xbe2wc:wbTLEd;yGxLoc:FmAr0c;yxTchf:KUM7Z;z97YGf:oug9te;zOsCQe:Ko78Df;zaIgPb:Qtpxbd/m=attn,cdos,gwc,hsm,jsa,mb4ZUb,d,csi,cEt90b,SNUn3,qddgKe,sTsDMc,dtl0hd,eHDfl:1390:121
_.Mo@https://www.gstatic.com/_/mss/boq-search/_/js/k=boq-search.ViewPackageService.fr.gZhW4dfd--M.es5.O/am=YAcKAQCAwKABAQAAAAAAAAAAAAAAkAAAQAAAAEBAQVTRDwcQ_RHYAQDwAz_0wv__JwLAAASQD28AAEIAwA9yTAMQYwwHaBAAAAAUAAEAgABxSA4CAGAECCUUugNgBRIAzh1AAIBoR4MBSIwqwLwBAgEJ-CgBBACSDYABEoIgEAHCQwgQAABEAvMAAQDmaDAAAKyxAEIA4AAAAADgNA8YEAAAAAAAAAAAAABA0ZAXAREBAAAAAAAAAAAAAIAAqCQ/d=1/dg=0/rs=AH7-fg7PL3aq04JKg7a5dT_1-oXO_zJWIQ/cb=loaded_0/ee=ADJUGe:nSzGM;ALeJib:B8gLwd;AfeaP:TkrAjf;Afksuc:fBZcuf;BMxAGc:E5bFse;BgS6mb:fidj5d;BjwMce:cXX2Wb;CRubWc:GGHMXc;CxXAWb:YyRLvc;DULqB:RKfG5c;Dkk6ge:wJqrrd;DpcR3d:zL72xf;EABSZ:MXZt9d;EVNhjf:pw70Gc;EmZ2Bf:zr1jrb;EnlcNd:WeHg4;Erl4fe:FloWmf;F9mqte:UoRcbe;Fmv9Nc:O1Tzwc;G0KhTb:LIaoZ;G6wU6e:hezEbd;GleZL:J1A7Od;GzNeK:lwR3kb;HMDDWe:HPcd9d;HqeXPd:cmbnH;IcRVsb:iZsl5b;JXS8fb:Qj0suc;JbMT3:M25sS;JsbNhc:Xd8iUd;KQzWid:ZMKkN;KeeMUb:HiPxjc;LBgRLc:SdcwHb,XVMNvd;LWyKNe:OGn9Jd;LsNahb:ucGLNb;MWIbN:Oezo8e;Me32dd:MEeYgc;NPKaK:SdcwHb;NSEoX:lazG7b;NoD55:pyzU6b,tHLYle;Np8Qkd:Dpx6qc;Nyt6ic:jn2sGd;OGn9Jd:vP7cyb;OgagBe:cNTe0;Oj465e:KG2eXe;OohIYe:mpEAQb;Pjplud:EEDORb,PoEs9b;Q6C5kf:pfdZCe;QGR0gd:Mlhmy;QHcAG:Osl0G;Qoo2ob:SWzGQe;R4IIIb:QWfeKf;R9Ulx:CR7Ufe;RDNBlf:zPRCJb;Rlgi2d:s4kmTe;SFqMfe:d7N0Ze;SLtqO:Kh1xYe;SNUn3:ZwDk9d,x8cHvb;SnFeMb:gIO09b;T9F76b:IGrxNe;TxfV6d:YORN0b;UDrY1c:eps46d;UVmjEd:EesRsb;UVzb9c:W0fpg;UyG7Kb:wQd0G;V2HTTe:RolTY;VGRfx:VFqbr;VN6jIc:ddQyuf;VOcgDe:YquhTb;VxQ32b:k0XsBb;W1Xvfd:KwNFR;WDGyFe:jcVOxd;Wfmdue:g3MJlb;XUezZ:sa7lqb;XcupOe:nPGmVc;YV5bee:IvPZ6d;ZMvdv:PHFPjb;ZlOOMb:EQAhxc;a56pNe:JEfCwb;aAJE9c:WHW6Ef;aZ61od:arTwJ;aoM3kc:RmZU0e;bDXwRe:UsyOtc;bcPXSc:gSZLJb;cEt90b:ws9Tlc;cFTWae:gT8qnd;cZGwze:Uq2Ztb;csKcjd:ciLywf;dIoSBb:SpsfSb;dLlj2:Qqt3Gf;daB6be:lMxGPd;dtl0hd:lLQWFe;eBAeSb:zbML3c;eBZ5Nd:audvde;eGOC9b:UFUkKb;eHDfl:ofjVkb;eO3lse:TC8ZNd;fWLTFc:TVBJbf;fcYTHe:rDv7Wc;flqRgb:ox2Q7c;fufDm:kGNN9b;g8nkx:U4MzKc;gPGwWe:ds8otb;gaub4:TN6bMe;gtVSi:ekUOYd;h3MYod:wV5Pjc;hK67qb:QWEO5b;heHB1:sFczq;hjRo6e:F62sG;hsLsYc:Vl118;iFQyKf:QIhFr,vfuNJf;imqimf:jKGL2e;jGHevf:wsoZ3c;jWrxGe:FHj41b;jlykkc:Ixcocc;kCQyJ:ueyPK;kMFpHd:OTA3Ae;kbAm9d:MkHyGd;kbIuKc:rDv7Wc;kyjn6b:CfXVTe;lUFnVe:Sq92Y;lkq0A:IbjKve;lx12yf:dzcQzd;nAFL3:NTMZac,s39S4;oGtAuc:sOXFj;okUaUd:Kg1rBc,wItadb;p2tIDb:tp1Cx;pKJiXd:VCenhc;pNsl2d:j9Yuyc;pXdRYb:MdUzUe;pj82le:mg5CW;qZx2Fc:j0xrE;qaS3gd:yiLg6e;qavrXe:zQzcXe;qddgKe:R9YHJc,d7YSfd,x4FYXe;qsajS:qGotLb;rQSrae:C6D5Fc;rebY5d:S5i2J;sTsDMc:kHVSUb;slvZxc:FU6yf;tGdRVe:b5f3kc;tH4IIe:NoECLb,Ymry6;tosKvd:ZCqP3;trZL0b:qY8PFe;ttWQK:um1fmf;uY49fb:COQbmf;uuQkY:u2V3ud;vAvu5d:O6oXm;vGrMZ:Y1W8Ad;vXy3B:yzQjhd;vfVwPd:lcrkwe;w3bZCb:ZPGaIb;w4rSdf:XKiZ9;w9w86d:aIe7ef;wQlYve:aLUfP;wR5FRb:O1Gjze,siKnQd;wV5Pjc:L8KGxe,nQze3d;whEZac:F4AmNb;xBbsrc:NEW1Qc;xMUn6e:e0kzxe;xqZiqf:BBI74;yxTchf:KUM7Z;z97YGf:oug9te;zaIgPb:Qtpxbd,l09DXe,q8mB0c;zxnPse:GkRiKb/m=_gbm,xUdipf,NwH0H,RMhBfe,w9hDv,VwDzFe,A7fCU:515:1646
AJa@https://www.gstatic.com/_/mss/boq-search/_/js/k=boq-search.ViewPackageService.fr.gZhW4dfd--M.es5.O/am=YAcKAQCAwKABAQAAAAAAAAAAAAAAkAAAQAAAAEBAQVTRDwcQ_RHYAQDwAz_0wv__JwLAAASQD28AAEIAwA9yTAMQYwwHaBAAAAAUAAEAgABxSA4CAGAECCUUugNgBRIAzh1AAIBoR4MBSIwqwLwBAgEJ-CgBBACSDYABEoIgEAHCQwgQAABEAvMAAQDmaDAAAKyxAEIA4AAAAADgNA8YEAAAAAAAAAAAAABA0ZAXAREBAAAAAAAAAAAAAIAAqCQ/d=1/dg=0/rs=AH7-fg7PL3aq04JKg7a5dT_1-oXO_zJWIQ/cb=loaded_0/ee=ADJUGe:nSzGM;ALeJib:B8gLwd;AfeaP:TkrAjf;Afksuc:fBZcuf;BMxAGc:E5bFse;BgS6mb:fidj5d;BjwMce:cXX2Wb;CRubWc:GGHMXc;CxXAWb:YyRLvc;DULqB:RKfG5c;Dkk6ge:wJqrrd;DpcR3d:zL72xf;EABSZ:MXZt9d;EVNhjf:pw70Gc;EmZ2Bf:zr1jrb;EnlcNd:WeHg4;Erl4fe:FloWmf;F9mqte:UoRcbe;Fmv9Nc:O1Tzwc;G0KhTb:LIaoZ;G6wU6e:hezEbd;GleZL:J1A7Od;GzNeK:lwR3kb;HMDDWe:HPcd9d;HqeXPd:cmbnH;IcRVsb:iZsl5b;JXS8fb:Qj0suc;JbMT3:M25sS;JsbNhc:Xd8iUd;KQzWid:ZMKkN;KeeMUb:HiPxjc;LBgRLc:SdcwHb,XVMNvd;LWyKNe:OGn9Jd;LsNahb:ucGLNb;MWIbN:Oezo8e;Me32dd:MEeYgc;NPKaK:SdcwHb;NSEoX:lazG7b;NoD55:pyzU6b,tHLYle;Np8Qkd:Dpx6qc;Nyt6ic:jn2sGd;OGn9Jd:vP7cyb;OgagBe:cNTe0;Oj465e:KG2eXe;OohIYe:mpEAQb;Pjplud:EEDORb,PoEs9b;Q6C5kf:pfdZCe;QGR0gd:Mlhmy;QHcAG:Osl0G;Qoo2ob:SWzGQe;R4IIIb:QWfeKf;R9Ulx:CR7Ufe;RDNBlf:zPRCJb;Rlgi2d:s4kmTe;SFqMfe:d7N0Ze;SLtqO:Kh1xYe;SNUn3:ZwDk9d,x8cHvb;SnFeMb:gIO09b;T9F76b:IGrxNe;TxfV6d:YORN0b;UDrY1c:eps46d;UVmjEd:EesRsb;UVzb9c:W0fpg;UyG7Kb:wQd0G;V2HTTe:RolTY;VGRfx:VFqbr;VN6jIc:ddQyuf;VOcgDe:YquhTb;VxQ32b:k0XsBb;W1Xvfd:KwNFR;WDGyFe:jcVOxd;Wfmdue:g3MJlb;XUezZ:sa7lqb;XcupOe:nPGmVc;YV5bee:IvPZ6d;ZMvdv:PHFPjb;ZlOOMb:EQAhxc;a56pNe:JEfCwb;aAJE9c:WHW6Ef;aZ61od:arTwJ;aoM3kc:RmZU0e;bDXwRe:UsyOtc;bcPXSc:gSZLJb;cEt90b:ws9Tlc;cFTWae:gT8qnd;cZGwze:Uq2Ztb;csKcjd:ciLywf;dIoSBb:SpsfSb;dLlj2:Qqt3Gf;daB6be:lMxGPd;dtl0hd:lLQWFe;eBAeSb:zbML3c;eBZ5Nd:audvde;eGOC9b:UFUkKb;eHDfl:ofjVkb;eO3lse:TC8ZNd;fWLTFc:TVBJbf;fcYTHe:rDv7Wc;flqRgb:ox2Q7c;fufDm:kGNN9b;g8nkx:U4MzKc;gPGwWe:ds8otb;gaub4:TN6bMe;gtVSi:ekUOYd;h3MYod:wV5Pjc;hK67qb:QWEO5b;heHB1:sFczq;hjRo6e:F62sG;hsLsYc:Vl118;iFQyKf:QIhFr,vfuNJf;imqimf:jKGL2e;jGHevf:wsoZ3c;jWrxGe:FHj41b;jlykkc:Ixcocc;kCQyJ:ueyPK;kMFpHd:OTA3Ae;kbAm9d:MkHyGd;kbIuKc:rDv7Wc;kyjn6b:CfXVTe;lUFnVe:Sq92Y;lkq0A:IbjKve;lx12yf:dzcQzd;nAFL3:NTMZac,s39S4;oGtAuc:sOXFj;okUaUd:Kg1rBc,wItadb;p2tIDb:tp1Cx;pKJiXd:VCenhc;pNsl2d:j9Yuyc;pXdRYb:MdUzUe;pj82le:mg5CW;qZx2Fc:j0xrE;qaS3gd:yiLg6e;qavrXe:zQzcXe;qddgKe:R9YHJc,d7YSfd,x4FYXe;qsajS:qGotLb;rQSrae:C6D5Fc;rebY5d:S5i2J;sTsDMc:kHVSUb;slvZxc:FU6yf;tGdRVe:b5f3kc;tH4IIe:NoECLb,Ymry6;tosKvd:ZCqP3;trZL0b:qY8PFe;ttWQK:um1fmf;uY49fb:COQbmf;uuQkY:u2V3ud;vAvu5d:O6oXm;vGrMZ:Y1W8Ad;vXy3B:yzQjhd;vfVwPd:lcrkwe;w3bZCb:ZPGaIb;w4rSdf:XKiZ9;w9w86d:aIe7ef;wQlYve:aLUfP;wR5FRb:O1Gjze,siKnQd;wV5Pjc:L8KGxe,nQze3d;whEZac:F4AmNb;xBbsrc:NEW1Qc;xMUn6e:e0kzxe;xqZiqf:BBI74;yxTchf:KUM7Z;z97YGf:oug9te;zaIgPb:Qtpxbd,l09DXe,q8mB0c;zxnPse:GkRiKb/m=_gbm,xUdipf,NwH0H,RMhBfe,w9hDv,VwDzFe,A7fCU:525:340
b@https://www.gstatic.com/_/mss/boq-search/_/js/k=boq-search.ViewPackageService.fr.gZhW4dfd--M.es5.O/am=YAcKAQCAwKABAQAAAAAAAAAAAAAAkAAAQAAAAEBAQVTRDwcQ_RHYAQDwAz_0wv__JwLAAASQD28AAEIAwA9yTAMQYwwHaBAAAAAUAAEAgABxSA4CAGAECCUUugNgBRIAzh1AAIBoR4MBSIwqwLwBAgEJ-CgBBACSDYABEoIgEAHCQwgQAABEAvMAAQDmaDAAAKyxAEIA4AAAAADgNA8YEAAAAAAAAAAAAABA0ZAXAREBAAAAAAAAAAAAAIAAqCQ/d=1/dg=0/rs=AH7-fg7PL3aq04JKg7a5dT_1-oXO_zJWIQ/cb=loaded_0/ee=ADJUGe:nSzGM;ALeJib:B8gLwd;AfeaP:TkrAjf;Afksuc:fBZcuf;BMxAGc:E5bFse;BgS6mb:fidj5d;BjwMce:cXX2Wb;CRubWc:GGHMXc;CxXAWb:YyRLvc;DULqB:RKfG5c;Dkk6ge:wJqrrd;DpcR3d:zL72xf;EABSZ:MXZt9d;EVNhjf:pw70Gc;EmZ2Bf:zr1jrb;EnlcNd:WeHg4;Erl4fe:FloWmf;F9mqte:UoRcbe;Fmv9Nc:O1Tzwc;G0KhTb:LIaoZ;G6wU6e:hezEbd;GleZL:J1A7Od;GzNeK:lwR3kb;HMDDWe:HPcd9d;HqeXPd:cmbnH;IcRVsb:iZsl5b;JXS8fb:Qj0suc;JbMT3:M25sS;JsbNhc:Xd8iUd;KQzWid:ZMKkN;KeeMUb:HiPxjc;LBgRLc:SdcwHb,XVMNvd;LWyKNe:OGn9Jd;LsNahb:ucGLNb;MWIbN:Oezo8e;Me32dd:MEeYgc;NPKaK:SdcwHb;NSEoX:lazG7b;NoD55:pyzU6b,tHLYle;Np8Qkd:Dpx6qc;Nyt6ic:jn2sGd;OGn9Jd:vP7cyb;OgagBe:cNTe0;Oj465e:KG2eXe;OohIYe:mpEAQb;Pjplud:EEDORb,PoEs9b;Q6C5kf:pfdZCe;QGR0gd:Mlhmy;QHcAG:Osl0G;Qoo2ob:SWzGQe;R4IIIb:QWfeKf;R9Ulx:CR7Ufe;RDNBlf:zPRCJb;Rlgi2d:s4kmTe;SFqMfe:d7N0Ze;SLtqO:Kh1xYe;SNUn3:ZwDk9d,x8cHvb;SnFeMb:gIO09b;T9F76b:IGrxNe;TxfV6d:YORN0b;UDrY1c:eps46d;UVmjEd:EesRsb;UVzb9c:W0fpg;UyG7Kb:wQd0G;V2HTTe:RolTY;VGRfx:VFqbr;VN6jIc:ddQyuf;VOcgDe:YquhTb;VxQ32b:k0XsBb;W1Xvfd:KwNFR;WDGyFe:jcVOxd;Wfmdue:g3MJlb;XUezZ:sa7lqb;XcupOe:nPGmVc;YV5bee:IvPZ6d;ZMvdv:PHFPjb;ZlOOMb:EQAhxc;a56pNe:JEfCwb;aAJE9c:WHW6Ef;aZ61od:arTwJ;aoM3kc:RmZU0e;bDXwRe:UsyOtc;bcPXSc:gSZLJb;cEt90b:ws9Tlc;cFTWae:gT8qnd;cZGwze:Uq2Ztb;csKcjd:ciLywf;dIoSBb:SpsfSb;dLlj2:Qqt3Gf;daB6be:lMxGPd;dtl0hd:lLQWFe;eBAeSb:zbML3c;eBZ5Nd:audvde;eGOC9b:UFUkKb;eHDfl:ofjVkb;eO3lse:TC8ZNd;fWLTFc:TVBJbf;fcYTHe:rDv7Wc;flqRgb:ox2Q7c;fufDm:kGNN9b;g8nkx:U4MzKc;gPGwWe:ds8otb;gaub4:TN6bMe;gtVSi:ekUOYd;h3MYod:wV5Pjc;hK67qb:QWEO5b;heHB1:sFczq;hjRo6e:F62sG;hsLsYc:Vl118;iFQyKf:QIhFr,vfuNJf;imqimf:jKGL2e;jGHevf:wsoZ3c;jWrxGe:FHj41b;jlykkc:Ixcocc;kCQyJ:ueyPK;kMFpHd:OTA3Ae;kbAm9d:MkHyGd;kbIuKc:rDv7Wc;kyjn6b:CfXVTe;lUFnVe:Sq92Y;lkq0A:IbjKve;lx12yf:dzcQzd;nAFL3:NTMZac,s39S4;oGtAuc:sOXFj;okUaUd:Kg1rBc,wItadb;p2tIDb:tp1Cx;pKJiXd:VCenhc;pNsl2d:j9Yuyc;pXdRYb:MdUzUe;pj82le:mg5CW;qZx2Fc:j0xrE;qaS3gd:yiLg6e;qavrXe:zQzcXe;qddgKe:R9YHJc,d7YSfd,x4FYXe;qsajS:qGotLb;rQSrae:C6D5Fc;rebY5d:S5i2J;sTsDMc:kHVSUb;slvZxc:FU6yf;tGdRVe:b5f3kc;tH4IIe:NoECLb,Ymry6;tosKvd:ZCqP3;trZL0b:qY8PFe;ttWQK:um1fmf;uY49fb:COQbmf;uuQkY:u2V3ud;vAvu5d:O6oXm;vGrMZ:Y1W8Ad;vXy3B:yzQjhd;vfVwPd:lcrkwe;w3bZCb:ZPGaIb;w4rSdf:XKiZ9;w9w86d:aIe7ef;wQlYve:aLUfP;wR5FRb:O1Gjze,siKnQd;wV5Pjc:L8KGxe,nQze3d;whEZac:F4AmNb;xBbsrc:NEW1Qc;xMUn6e:e0kzxe;xqZiqf:BBI74;yxTchf:KUM7Z;z97YGf:oug9te;zaIgPb:Qtpxbd,l09DXe,q8mB0c;zxnPse:GkRiKb/m=_gbm,xUdipf,NwH0H,RMhBfe,w9hDv,VwDzFe,A7fCU:523:49

1714061905530	Marionette	INFO	Stopped listening on port 53967
Dynamically enable window occlusion 1
JavaScript error: chrome://remote/content/marionette/cert.sys.mjs, line 47: NS_ERROR_NOT_AVAILABLE: Component returned failure code: 0x80040111 (NS_ERROR_NOT_AVAILABLE) [nsICertOverrideService.setDisableAllSecurityChecksAndLetAttackersInterceptMyData]
1714061932424	geckodriver	INFO	Listening on 127.0.0.1:54138
1714061935485	mozrunner::runner	INFO	Running command: "C:\\Program Files\\Mozilla Firefox\\firefox.exe" "--marionette" "-no-remote" "-profile" "C:\\Users\\PORTAB~1\\AppData\\Local\\Temp\\rust_mozprofilepOzwcb"
console.warn: services.settings: Ignoring preference override of remote settings server
console.warn: services.settings: Allow by setting MOZ_REMOTE_SETTINGS_DEVTOOLS=1 in the environment
1714061936615	Marionette	INFO	Marionette enabled
Dynamically enable window occlusion 0
1714061936890	Marionette	INFO	Listening on port 54149
Read port: 54149
1714061937272	RemoteAgent	WARN	TLS certificate errors will be ignored for this session
1714061954166	Marionette	INFO	Stopped listening on port 54149
Dynamically enable window occlusion 1
1714062011031	geckodriver	INFO	Listening on 127.0.0.1:54188
1714062014187	mozrunner::runner	INFO	Running command: "C:\\Program Files\\Mozilla Firefox\\firefox.exe" "--marionette" "-no-remote" "-profile" "C:\\Users\\PORTAB~1\\AppData\\Local\\Temp\\rust_mozprofileTFfV5c"
console.warn: services.settings: Ignoring preference override of remote settings server
console.warn: services.settings: Allow by setting MOZ_REMOTE_SETTINGS_DEVTOOLS=1 in the environment
1714062015354	Marionette	INFO	Marionette enabled
Dynamically enable window occlusion 0
1714062015797	Marionette	INFO	Listening on port 54200
Read port: 54200
1714062016117	RemoteAgent	WARN	TLS certificate errors will be ignored for this session
1714062045831	addons.xpi	ERROR	System addon update list error SyntaxError: XMLHttpRequest.open: 'http://%(server)s/dummy-system-addons.xml' is not a valid URL.
A content process crashed and MOZ_CRASHREPORTER_SHUTDOWN is set, shutting down
ner::runner	INFO	Running command: "C:\\Program Files\\Mozilla Firefox\\firefox.exe" "--marionette" "-no-remote" "-profile" "C:\\Users\\PORTAB~1\\AppData\\Local\\Temp\\rust_mozprofile0Cj4lQ"
console.warn: services.settings: Ignoring preference override of remote settings server
console.warn: services.settings: Allow by setting MOZ_REMOTE_SETTINGS_DEVTOOLS=1 in the environment
1714062082833	Marionette	INFO	Marionette enabled
Dynamically enable window occlusion 0
1714062083584	Marionette	INFO	Listening on port 54247
Read port: 54247
1714062084130	RemoteAgent	WARN	TLS certificate errors will be ignored for this session
1714062100922	Marionette	INFO	Stopped listening on port 54247
Dynamically enable window occlusion 1
1714062258224	geckodriver	INFO	Listening on 127.0.0.1:54306
1714062261290	mozrunner::runner	INFO	Running command: "C:\\Program Files\\Mozilla Firefox\\firefox.exe" "--marionette" "-no-remote" "-profile" "C:\\Users\\PORTAB~1\\AppData\\Local\\Temp\\rust_mozprofilesPiKO3"
console.warn: services.settings: Ignoring preference override of remote settings server
console.warn: services.settings: Allow by setting MOZ_REMOTE_SETTINGS_DEVTOOLS=1 in the environment
1714062262714	Marionette	INFO	Marionette enabled
Dynamically enable window occlusion 0
1714062263184	Marionette	INFO	Listening on port 54318
Read port: 54318
1714062263516	RemoteAgent	WARN	TLS certificate errors will be ignored for this session
1714062271720	Marionette	INFO	Stopped listening on port 54318
Dynamically enable window occlusion 1
1714062519209	geckodriver	INFO	Listening on 127.0.0.1:54386
1714062522288	mozrunner::runner	INFO	Running command: "C:\\Program Files\\Mozilla Firefox\\firefox.exe" "--marionette" "-no-remote" "-profile" "C:\\Users\\PORTAB~1\\AppData\\Local\\Temp\\rust_mozprofileTwqeyA"
console.warn: services.settings: Ignoring preference override of remote settings server
console.warn: services.settings: Allow by setting MOZ_REMOTE_SETTINGS_DEVTOOLS=1 in the environment
1714062523610	Marionette	INFO	Marionette enabled
Dynamically enable window occlusion 0
1714062523837	Marionette	INFO	Listening on port 54397
Read port: 54397
1714062524160	RemoteAgent	WARN	TLS certificate errors will be ignored for this session
1714062553660	addons.xpi	ERROR	System addon update list error SyntaxError: XMLHttpRequest.open: 'http://%(server)s/dummy-system-addons.xml' is not a valid URL.
1714062554802	geckodriver	INFO	Listening on 127.0.0.1:54432
1714062557959	mozrunner::runner	INFO	Running command: "C:\\Program Files\\Mozilla Firefox\\firefox.exe" "--marionette" "-no-remote" "-profile" "C:\\Users\\PORTAB~1\\AppData\\Local\\Temp\\rust_mozprofileOsreMf"
console.warn: services.settings: Ignoring preference override of remote settings server
console.warn: services.settings: Allow by setting MOZ_REMOTE_SETTINGS_DEVTOOLS=1 in the environment
1714062559288	Marionette	INFO	Marionette enabled
Dynamically enable window occlusion 0
1714062559540	Marionette	INFO	Listening on port 54444
Read port: 54444
1714062559935	RemoteAgent	WARN	TLS certificate errors will be ignored for this session
1714062579687	Marionette	INFO	Stopped listening on port 54444
Dynamically enable window occlusion 1
1714062991207	geckodriver	INFO	Listening on 127.0.0.1:54613
1714062994313	mozrunner::runner	INFO	Running command: "C:\\Program Files\\Mozilla Firefox\\firefox.exe" "--marionette" "-no-remote" "-profile" "C:\\Users\\PORTAB~1\\AppData\\Local\\Temp\\rust_mozprofiletyOzx3"
console.warn: services.settings: Ignoring preference override of remote settings server
console.warn: services.settings: Allow by setting MOZ_REMOTE_SETTINGS_DEVTOOLS=1 in the environment
1714062995259	Marionette	INFO	Marionette enabled
Dynamically enable window occlusion 0
1714062995545	Marionette	INFO	Listening on port 54623
Read port: 54623
1714062995867	RemoteAgent	WARN	TLS certificate errors will be ignored for this session
1714063014255	Marionette	INFO	Stopped listening on port 54623
Dynamically enable window occlusion 1
1714063127416	geckodriver	INFO	Listening on 127.0.0.1:54685
1714063130515	mozrunner::runner	INFO	Running command: "C:\\Program Files\\Mozilla Firefox\\firefox.exe" "--marionette" "-no-remote" "-profile" "C:\\Users\\PORTAB~1\\AppData\\Local\\Temp\\rust_mozprofile84LWRe"
console.warn: services.settings: Ignoring preference override of remote settings server
console.warn: services.settings: Allow by setting MOZ_REMOTE_SETTINGS_DEVTOOLS=1 in the environment
1714063131755	Marionette	INFO	Marionette enabled
Dynamically enable window occlusion 0
1714063132023	Marionette	INFO	Listening on port 54696
Read port: 54696
1714063132401	RemoteAgent	WARN	TLS certificate errors will be ignored for this session
1714063151951	Marionette	INFO	Stopped listening on port 54696
Dynamically enable window occlusion 1
1714063476574	geckodriver	INFO	Listening on 127.0.0.1:54817
1714063479650	mozrunner::runner	INFO	Running command: "C:\\Program Files\\Mozilla Firefox\\firefox.exe" "--marionette" "-no-remote" "-profile" "C:\\Users\\PORTAB~1\\AppData\\Local\\Temp\\rust_mozprofilevx90ke"
console.warn: services.settings: Ignoring preference override of remote settings server
console.warn: services.settings: Allow by setting MOZ_REMOTE_SETTINGS_DEVTOOLS=1 in the environment
1714063480968	Marionette	INFO	Marionette enabled
Dynamically enable window occlusion 0
1714063481261	Marionette	INFO	Listening on port 54827
Read port: 54827
1714063481693	RemoteAgent	WARN	TLS certificate errors will be ignored for this session
1714063512197	addons.xpi	ERROR	System addon update list error SyntaxError: XMLHttpRequest.open: 'http://%(server)s/dummy-system-addons.xml' is not a valid URL.
1714063518686	Marionette	INFO	Stopped listening on port 54827
Dynamically enable window occlusion 1
1714063779464	geckodriver	INFO	Listening on 127.0.0.1:54907
1714063782525	mozrunner::runner	INFO	Running command: "C:\\Program Files\\Mozilla Firefox\\firefox.exe" "--marionette" "-no-remote" "-profile" "C:\\Users\\PORTAB~1\\AppData\\Local\\Temp\\rust_mozprofileN3630R"
console.warn: services.settings: Ignoring preference override of remote settings server
console.warn: services.settings: Allow by setting MOZ_REMOTE_SETTINGS_DEVTOOLS=1 in the environment
1714063783497	Marionette	INFO	Marionette enabled
Dynamically enable window occlusion 0
1714063783752	Marionette	INFO	Listening on port 54917
Read port: 54917
1714063784336	RemoteAgent	WARN	TLS certificate errors will be ignored for this session
1714063814952	addons.xpi	ERROR	System addon update list error SyntaxError: XMLHttpRequest.open: 'http://%(server)s/dummy-system-addons.xml' is not a valid URL.
1714063817510	Marionette	INFO	Stopped listening on port 54917
Dynamically enable window occlusion 1
console.error: services.settings: 
  Message: NetworkError: Network error: TypeError: NetworkError: Network request failed
  Stack:
    APIError@resource://services-settings/RemoteSettingsClient.sys.mjs:107:1
NetworkError@resource://services-settings/RemoteSettingsClient.sys.mjs:111:5
_adjustedError@resource://services-settings/RemoteSettingsClient.sys.mjs:911:14
maybeSync@resource://services-settings/RemoteSettingsClient.sys.mjs:816:38

console.warn: services.settings: main/devtools-devices sync interrupted by shutdown
console.warn: services.settings: main/websites-with-shared-credential-backends sync interrupted by shutdown
console.warn: services.settings: main/addons-manager-settings sync interrupted by shutdown
console.warn: services.settings: main/query-stripping sync interrupted by shutdown
console.warn: services.settings: main/search-default-override-allowlist sync interrupted by shutdown
console.error: (new NetworkError("Network error: TypeError: NetworkError: Network request failed", "resource://services-settings/RemoteSettingsClient.sys.mjs", 107))
1714063953419	geckodriver	INFO	Listening on 127.0.0.1:54969
1714063956510	mozrunner::runner	INFO	Running command: "C:\\Program Files\\Mozilla Firefox\\firefox.exe" "--marionette" "-no-remote" "-profile" "C:\\Users\\PORTAB~1\\AppData\\Local\\Temp\\rust_mozprofileSunoEe"
console.warn: services.settings: Ignoring preference override of remote settings server
console.warn: services.settings: Allow by setting MOZ_REMOTE_SETTINGS_DEVTOOLS=1 in the environment
1714063957577	Marionette	INFO	Marionette enabled
Dynamically enable window occlusion 0
1714063957851	Marionette	INFO	Listening on port 54980
Read port: 54980
1714063958579	RemoteAgent	WARN	TLS certificate errors will be ignored for this session
1714063988205	addons.xpi	ERROR	System addon update list error SyntaxError: XMLHttpRequest.open: 'http://%(server)s/dummy-system-addons.xml' is not a valid URL.
1714064701935	Marionette	INFO	Stopped listening on port 54980
Dynamically enable window occlusion 1
ng command: "C:\\Program Files\\Mozilla Firefox\\firefox.exe" "--marionette" "-no-remote" "-profile" "C:\\Users\\PORTAB~1\\AppData\\Local\\Temp\\rust_mozprofileWItX4g"
console.warn: services.settings: Ignoring preference override of remote settings server
console.warn: services.settings: Allow by setting MOZ_REMOTE_SETTINGS_DEVTOOLS=1 in the environment
1714064553526	Marionette	INFO	Marionette enabled
Dynamically enable window occlusion 0
1714064553850	Marionette	INFO	Listening on port 55067
Read port: 55067
1714064554192	RemoteAgent	WARN	TLS certificate errors will be ignored for this session
1714064584932	addons.xpi	ERROR	System addon update list error SyntaxError: XMLHttpRequest.open: 'http://%(server)s/dummy-system-addons.xml' is not a valid URL.
1714064595558	Marionette	INFO	Stopped listening on port 55067
Dynamically enable window occlusion 1
1714064697598	geckodriver	INFO	Listening on 127.0.0.1:55116
1714064700668	mozrunner::runner	INFO	Running command: "C:\\Program Files\\Mozilla Firefox\\firefox.exe" "--marionette" "-no-remote" "-profile" "C:\\Users\\PORTAB~1\\AppData\\Local\\Temp\\rust_mozprofilekJols7"
console.warn: services.settings: Ignoring preference override of remote settings server
console.warn: services.settings: Allow by setting MOZ_REMOTE_SETTINGS_DEVTOOLS=1 in the environment
1714064702156	Marionette	INFO	Marionette enabled
Dynamically enable window occlusion 0
1714064702434	Marionette	INFO	Listening on port 55126
Read port: 55126
1714064702815	RemoteAgent	WARN	TLS certificate errors will be ignored for this session
1714064732777	addons.xpi	ERROR	System addon update list error SyntaxError: XMLHttpRequest.open: 'http://%(server)s/dummy-system-addons.xml' is not a valid URL.
1714064743432	Marionette	INFO	Stopped listening on port 55126
Dynamically enable window occlusion 1
1714064892166	geckodriver	INFO	Listening on 127.0.0.1:55174
1714064895189	mozrunner::runner	INFO	Running command: "C:\\Program Files\\Mozilla Firefox\\firefox.exe" "--marionette" "-no-remote" "-profile" "C:\\Users\\PORTAB~1\\AppData\\Local\\Temp\\rust_mozprofileCQtGuX"
console.warn: services.settings: Ignoring preference override of remote settings server
console.warn: services.settings: Allow by setting MOZ_REMOTE_SETTINGS_DEVTOOLS=1 in the environment
1714064895972	Marionette	INFO	Marionette enabled
Dynamically enable window occlusion 0
1714064896160	Marionette	INFO	Listening on port 55185
Read port: 55185
1714064896574	RemoteAgent	WARN	TLS certificate errors will be ignored for this session
1714064926092	addons.xpi	ERROR	System addon update list error SyntaxError: XMLHttpRequest.open: 'http://%(server)s/dummy-system-addons.xml' is not a valid URL.
1714064959679	Marionette	INFO	Stopped listening on port 55185
Dynamically enable window occlusion 1
1714065112799	geckodriver	INFO	Listening on 127.0.0.1:55232
1714065115883	mozrunner::runner	INFO	Running command: "C:\\Program Files\\Mozilla Firefox\\firefox.exe" "--marionette" "-no-remote" "-profile" "C:\\Users\\PORTAB~1\\AppData\\Local\\Temp\\rust_mozprofilej6eV5F"
console.warn: services.settings: Ignoring preference override of remote settings server
console.warn: services.settings: Allow by setting MOZ_REMOTE_SETTINGS_DEVTOOLS=1 in the environment
1714065117163	Marionette	INFO	Marionette enabled
Dynamically enable window occlusion 0
1714065117483	Marionette	INFO	Listening on port 55242
Read port: 55242
1714065118302	RemoteAgent	WARN	TLS certificate errors will be ignored for this session
1714065147219	addons.xpi	ERROR	System addon update list error SyntaxError: XMLHttpRequest.open: 'http://%(server)s/dummy-system-addons.xml' is not a valid URL.
1714065191017	Marionette	INFO	Stopped listening on port 55242
Dynamically enable window occlusion 1
1714065791246	geckodriver	INFO	Listening on 127.0.0.1:55318
1714065794329	mozrunner::runner	INFO	Running command: "C:\\Program Files\\Mozilla Firefox\\firefox.exe" "--marionette" "-no-remote" "-profile" "C:\\Users\\PORTAB~1\\AppData\\Local\\Temp\\rust_mozprofilelaqrLy"
console.warn: services.settings: Ignoring preference override of remote settings server
console.warn: services.settings: Allow by setting MOZ_REMOTE_SETTINGS_DEVTOOLS=1 in the environment
1714065796007	Marionette	INFO	Marionette enabled
Dynamically enable window occlusion 0
1714065796452	Marionette	INFO	Listening on port 55328
Read port: 55328
1714065796822	RemoteAgent	WARN	TLS certificate errors will be ignored for this session
1714065826214	addons.xpi	ERROR	System addon update list error SyntaxError: XMLHttpRequest.open: 'http://%(server)s/dummy-system-addons.xml' is not a valid URL.
JavaScript error: resource://gre/modules/AsyncShutdown.sys.mjs, line 569: NotFoundError: No such JSWindowActor 'DevToolsFrame'
1714068036413	Marionette	INFO	Stopped listening on port 55328
Dynamically enable window occlusion 1
JavaScript error: chrome://remote/content/marionette/cert.sys.mjs, line 47: NS_ERROR_NOT_AVAILABLE: Component returned failure code: 0x80040111 (NS_ERROR_NOT_AVAILABLE) [nsICertOverrideService.setDisableAllSecurityChecksAndLetAttackersInterceptMyData]
1714080847401	geckodriver	INFO	Listening on 127.0.0.1:57150
1714080850474	mozrunner::runner	INFO	Running command: "C:\\Program Files\\Mozilla Firefox\\firefox.exe" "--marionette" "-no-remote" "-profile" "C:\\Users\\PORTAB~1\\AppData\\Local\\Temp\\rust_mozprofileMHqgzV"
console.warn: services.settings: Ignoring preference override of remote settings server
console.warn: services.settings: Allow by setting MOZ_REMOTE_SETTINGS_DEVTOOLS=1 in the environment
1714080851015	Marionette	INFO	Marionette enabled
Dynamically enable window occlusion 0
1714080851212	Marionette	INFO	Listening on port 57160
Read port: 57160
1714080851547	RemoteAgent	WARN	TLS certificate errors will be ignored for this session
1714080884224	addons.xpi	ERROR	System addon update list error SyntaxError: XMLHttpRequest.open: 'http://%(server)s/dummy-system-addons.xml' is not a valid URL.
1714081810344	Marionette	INFO	Stopped listening on port 57160
Dynamically enable window occlusion 1
ng command: "C:\\Program Files\\Mozilla Firefox\\firefox.exe" "--marionette" "-no-remote" "-profile" "C:\\Users\\PORTAB~1\\AppData\\Local\\Temp\\rust_mozprofiledKMkVW"
console.warn: services.settings: Ignoring preference override of remote settings server
console.warn: services.settings: Allow by setting MOZ_REMOTE_SETTINGS_DEVTOOLS=1 in the environment
1714081066086	Marionette	INFO	Marionette enabled
Dynamically enable window occlusion 0
1714081066278	Marionette	INFO	Listening on port 57230
Read port: 57230
1714081066606	RemoteAgent	WARN	TLS certificate errors will be ignored for this session
1714081097338	addons.xpi	ERROR	System addon update list error SyntaxError: XMLHttpRequest.open: 'http://%(server)s/dummy-system-addons.xml' is not a valid URL.
1714081811498	Marionette	INFO	Stopped listening on port 57230
Dynamically enable window occlusion 1
ng command: "C:\\Program Files\\Mozilla Firefox\\firefox.exe" "--marionette" "-no-remote" "-profile" "C:\\Users\\PORTAB~1\\AppData\\Local\\Temp\\rust_mozprofileEmAWYU"
console.warn: services.settings: Ignoring preference override of remote settings server
console.warn: services.settings: Allow by setting MOZ_REMOTE_SETTINGS_DEVTOOLS=1 in the environment
1714081266415	Marionette	INFO	Marionette enabled
Dynamically enable window occlusion 0
1714081266633	Marionette	INFO	Listening on port 57283
Read port: 57283
1714081267021	RemoteAgent	WARN	TLS certificate errors will be ignored for this session
1714081297892	addons.xpi	ERROR	System addon update list error SyntaxError: XMLHttpRequest.open: 'http://%(server)s/dummy-system-addons.xml' is not a valid URL.
1714081812715	Marionette	INFO	Stopped listening on port 57283
Dynamically enable window occlusion 1
ng command: "C:\\Program Files\\Mozilla Firefox\\firefox.exe" "--marionette" "-no-remote" "-profile" "C:\\Users\\PORTAB~1\\AppData\\Local\\Temp\\rust_mozprofilerBUXXk"
console.warn: services.settings: Ignoring preference override of remote settings server
console.warn: services.settings: Allow by setting MOZ_REMOTE_SETTINGS_DEVTOOLS=1 in the environment
1714081334993	Marionette	INFO	Marionette enabled
Dynamically enable window occlusion 0
1714081335251	Marionette	INFO	Listening on port 57327
Read port: 57327
1714081335960	RemoteAgent	WARN	TLS certificate errors will be ignored for this session
1714081365940	addons.xpi	ERROR	System addon update list error SyntaxError: XMLHttpRequest.open: 'http://%(server)s/dummy-system-addons.xml' is not a valid URL.
1714081547092	Marionette	INFO	Stopped listening on port 57327
Dynamically enable window occlusion 1
1714081753001	geckodriver	INFO	Listening on 127.0.0.1:57393
1714081756051	mozrunner::runner	INFO	Running command: "C:\\Program Files\\Mozilla Firefox\\firefox.exe" "--marionette" "-no-remote" "-profile" "C:\\Users\\PORTAB~1\\AppData\\Local\\Temp\\rust_mozprofilel0SQY6"
console.warn: services.settings: Ignoring preference override of remote settings server
console.warn: services.settings: Allow by setting MOZ_REMOTE_SETTINGS_DEVTOOLS=1 in the environment
1714081756822	Marionette	INFO	Marionette enabled
Dynamically enable window occlusion 0
1714081757027	Marionette	INFO	Listening on port 57403
Read port: 57403
1714081757528	RemoteAgent	WARN	TLS certificate errors will be ignored for this session
1714081788600	addons.xpi	ERROR	System addon update list error SyntaxError: XMLHttpRequest.open: 'http://%(server)s/dummy-system-addons.xml' is not a valid URL.
1714081814805	Marionette	INFO	Stopped listening on port 57403
Dynamically enable window occlusion 1
JavaScript error: chrome://remote/content/marionette/cert.sys.mjs, line 47: NS_ERROR_NOT_AVAILABLE: Component returned failure code: 0x80040111 (NS_ERROR_NOT_AVAILABLE) [nsICertOverrideService.setDisableAllSecurityChecksAndLetAttackersInterceptMyData]
1714082046474	geckodriver	INFO	Listening on 127.0.0.1:57445
1714082049559	mozrunner::runner	INFO	Running command: "C:\\Program Files\\Mozilla Firefox\\firefox.exe" "--marionette" "-no-remote" "-profile" "C:\\Users\\PORTAB~1\\AppData\\Local\\Temp\\rust_mozprofileAbD6Hf"
console.warn: services.settings: Ignoring preference override of remote settings server
console.warn: services.settings: Allow by setting MOZ_REMOTE_SETTINGS_DEVTOOLS=1 in the environment
1714082050392	Marionette	INFO	Marionette enabled
Dynamically enable window occlusion 0
1714082050560	Marionette	INFO	Listening on port 57455
Read port: 57455
1714082050896	RemoteAgent	WARN	TLS certificate errors will be ignored for this session
1714082076454	Marionette	INFO	Stopped listening on port 57455
Dynamically enable window occlusion 1
1714082121408	geckodriver	INFO	Listening on 127.0.0.1:57492
1714082124426	mozrunner::runner	INFO	Running command: "C:\\Program Files\\Mozilla Firefox\\firefox.exe" "--marionette" "-no-remote" "-profile" "C:\\Users\\PORTAB~1\\AppData\\Local\\Temp\\rust_mozprofilemYZ8R4"
console.warn: services.settings: Ignoring preference override of remote settings server
console.warn: services.settings: Allow by setting MOZ_REMOTE_SETTINGS_DEVTOOLS=1 in the environment
1714082125029	Marionette	INFO	Marionette enabled
Dynamically enable window occlusion 0
1714082125220	Marionette	INFO	Listening on port 57502
Read port: 57502
Read port: 57502
1714082127328	RemoteAgent	WARN	TLS certificate errors will be ignored for this session
1714082155909	addons.xpi	ERROR	System addon update list error SyntaxError: XMLHttpRequest.open: 'http://%(server)s/dummy-system-addons.xml' is not a valid URL.
1714082312190	Marionette	INFO	Stopped listening on port 57502
Dynamically enable window occlusion 1
1714121834700	geckodriver	INFO	Listening on 127.0.0.1:60179
1714121837766	mozrunner::runner	INFO	Running command: "C:\\Program Files\\Mozilla Firefox\\firefox.exe" "--marionette" "-no-remote" "-profile" "C:\\Users\\PORTAB~1\\AppData\\Local\\Temp\\rust_mozprofileujIgFE"
console.warn: services.settings: Ignoring preference override of remote settings server
console.warn: services.settings: Allow by setting MOZ_REMOTE_SETTINGS_DEVTOOLS=1 in the environment
1714121838146	Marionette	INFO	Marionette enabled
Dynamically enable window occlusion 0
1714121838278	Marionette	INFO	Listening on port 60190
Read port: 60190
1714121838505	RemoteAgent	WARN	TLS certificate errors will be ignored for this session
1714121853234	Marionette	INFO	Stopped listening on port 60190
Dynamically enable window occlusion 1
1714122115192	geckodriver	INFO	Listening on 127.0.0.1:60310
1714122118274	mozrunner::runner	INFO	Running command: "C:\\Program Files\\Mozilla Firefox\\firefox.exe" "--marionette" "-no-remote" "-profile" "C:\\Users\\PORTAB~1\\AppData\\Local\\Temp\\rust_mozprofile8w6x1v"
console.warn: services.settings: Ignoring preference override of remote settings server
console.warn: services.settings: Allow by setting MOZ_REMOTE_SETTINGS_DEVTOOLS=1 in the environment
1714122118677	Marionette	INFO	Marionette enabled
Dynamically enable window occlusion 0
1714122118814	Marionette	INFO	Listening on port 60320
Read port: 60320
1714122119096	RemoteAgent	WARN	TLS certificate errors will be ignored for this session
1714122148973	addons.xpi	ERROR	System addon update list error SyntaxError: XMLHttpRequest.open: 'http://%(server)s/dummy-system-addons.xml' is not a valid URL.
1714122593707	Marionette	INFO	Stopped listening on port 60320
Dynamically enable window occlusion 1
ng command: "C:\\Program Files\\Mozilla Firefox\\firefox.exe" "--marionette" "-no-remote" "-profile" "C:\\Users\\PORTAB~1\\AppData\\Local\\Temp\\rust_mozprofile6D4l6E"
console.warn: services.settings: Ignoring preference override of remote settings server
console.warn: services.settings: Allow by setting MOZ_REMOTE_SETTINGS_DEVTOOLS=1 in the environment
1714122194959	Marionette	INFO	Marionette enabled
Dynamically enable window occlusion 0
1714122195114	Marionette	INFO	Listening on port 60365
Read port: 60365
1714122195494	RemoteAgent	WARN	TLS certificate errors will be ignored for this session
1714122225204	addons.xpi	ERROR	System addon update list error SyntaxError: XMLHttpRequest.open: 'http://%(server)s/dummy-system-addons.xml' is not a valid URL.
1714122255752	Marionette	INFO	Stopped listening on port 60365
Dynamically enable window occlusion 1
1714122333100	geckodriver	INFO	Listening on 127.0.0.1:60429
1714122336154	mozrunner::runner	INFO	Running command: "C:\\Program Files\\Mozilla Firefox\\firefox.exe" "--marionette" "-no-remote" "-profile" "C:\\Users\\PORTAB~1\\AppData\\Local\\Temp\\rust_mozprofile8EP2I0"
console.warn: services.settings: Ignoring preference override of remote settings server
console.warn: services.settings: Allow by setting MOZ_REMOTE_SETTINGS_DEVTOOLS=1 in the environment
1714122336698	Marionette	INFO	Marionette enabled
Dynamically enable window occlusion 0
1714122336884	Marionette	INFO	Listening on port 60440
Read port: 60440
1714122337218	RemoteAgent	WARN	TLS certificate errors will be ignored for this session
1714122367274	addons.xpi	ERROR	System addon update list error SyntaxError: XMLHttpRequest.open: 'http://%(server)s/dummy-system-addons.xml' is not a valid URL.
1714122482355	Marionette	INFO	Stopped listening on port 60440
Dynamically enable window occlusion 1
1714122551847	geckodriver	INFO	Listening on 127.0.0.1:60527
1714122554950	mozrunner::runner	INFO	Running command: "C:\\Program Files\\Mozilla Firefox\\firefox.exe" "--marionette" "-no-remote" "-profile" "C:\\Users\\PORTAB~1\\AppData\\Local\\Temp\\rust_mozprofile6kOn5M"
console.warn: services.settings: Ignoring preference override of remote settings server
console.warn: services.settings: Allow by setting MOZ_REMOTE_SETTINGS_DEVTOOLS=1 in the environment
1714122555431	Marionette	INFO	Marionette enabled
Dynamically enable window occlusion 0
1714122555566	Marionette	INFO	Listening on port 60537
Read port: 60537
1714122555643	RemoteAgent	WARN	TLS certificate errors will be ignored for this session
1714122585543	addons.xpi	ERROR	System addon update list error SyntaxError: XMLHttpRequest.open: 'http://%(server)s/dummy-system-addons.xml' is not a valid URL.
1714122595208	Marionette	INFO	Stopped listening on port 60537
Dynamically enable window occlusion 1
JavaScript error: chrome://remote/content/marionette/cert.sys.mjs, line 47: NS_ERROR_NOT_AVAILABLE: Component returned failure code: 0x80040111 (NS_ERROR_NOT_AVAILABLE) [nsICertOverrideService.setDisableAllSecurityChecksAndLetAttackersInterceptMyData]
1714122668894	geckodriver	INFO	Listening on 127.0.0.1:60610
1714122671960	mozrunner::runner	INFO	Running command: "C:\\Program Files\\Mozilla Firefox\\firefox.exe" "--marionette" "-no-remote" "-profile" "C:\\Users\\PORTAB~1\\AppData\\Local\\Temp\\rust_mozprofilePdanl8"
console.warn: services.settings: Ignoring preference override of remote settings server
console.warn: services.settings: Allow by setting MOZ_REMOTE_SETTINGS_DEVTOOLS=1 in the environment
1714122672492	Marionette	INFO	Marionette enabled
Dynamically enable window occlusion 0
1714122672635	Marionette	INFO	Listening on port 60620
Read port: 60620
1714122672947	RemoteAgent	WARN	TLS certificate errors will be ignored for this session
1714122702724	addons.xpi	ERROR	System addon update list error SyntaxError: XMLHttpRequest.open: 'http://%(server)s/dummy-system-addons.xml' is not a valid URL.
1714133352241	Marionette	INFO	Stopped listening on port 60620
Dynamically enable window occlusion 1
ng command: "C:\\Program Files\\Mozilla Firefox\\firefox.exe" "--marionette" "-no-remote" "-profile" "C:\\Users\\PORTAB~1\\AppData\\Local\\Temp\\rust_mozprofilentqynZ"
console.warn: services.settings: Ignoring preference override of remote settings server
console.warn: services.settings: Allow by setting MOZ_REMOTE_SETTINGS_DEVTOOLS=1 in the environment
1714123119801	Marionette	INFO	Marionette enabled
Dynamically enable window occlusion 0
1714123119972	Marionette	INFO	Listening on port 60700
Read port: 60700
1714123120261	RemoteAgent	WARN	TLS certificate errors will be ignored for this session
1714123152441	addons.xpi	ERROR	System addon update list error SyntaxError: XMLHttpRequest.open: 'http://%(server)s/dummy-system-addons.xml' is not a valid URL.
1714133354966	Marionette	INFO	Stopped listening on port 60700
Dynamically enable window occlusion 1
ng command: "C:\\Program Files\\Mozilla Firefox\\firefox.exe" "--marionette" "-no-remote" "-profile" "C:\\Users\\PORTAB~1\\AppData\\Local\\Temp\\rust_mozprofile2b54jn"
console.warn: services.settings: Ignoring preference override of remote settings server
console.warn: services.settings: Allow by setting MOZ_REMOTE_SETTINGS_DEVTOOLS=1 in the environment
1714123296393	Marionette	INFO	Marionette enabled
Dynamically enable window occlusion 0
1714123296584	Marionette	INFO	Listening on port 60764
Read port: 60764
1714123296904	RemoteAgent	WARN	TLS certificate errors will be ignored for this session
1714123326517	addons.xpi	ERROR	System addon update list error SyntaxError: XMLHttpRequest.open: 'http://%(server)s/dummy-system-addons.xml' is not a valid URL.
1714123424403	Marionette	INFO	Stopped listening on port 60764
Dynamically enable window occlusion 1
